

Microchip MPLAB XC8 Assembler V2.20 build 20200408173844 
                                                                                               Wed Oct 21 09:48:02 2020

Microchip MPLAB XC8 C Compiler v2.20 (Free license) build 20200408173844 Og1 
     1                           	processor	10F322
     2                           	pagewidth 120
     3                           	opt	flic
     4                           	psect	cinit,global,class=CODE,merge=1,delta=2
     5                           	psect	bssBANK0,global,class=BANK0,space=1,delta=1,noexec
     6                           	psect	cstackBANK0,global,class=BANK0,space=1,delta=1,noexec
     7                           	psect	maintext,global,class=CODE,split=1,delta=2
     8                           	psect	config,global,abs,ovrld,class=CONFIG,space=4,delta=2,noexec
     9                           	dabs	1,0x7E,2
    10  0000                     
    11                           ; Version 2.20
    12                           ; Generated 29/04/2020 GMT
    13                           ; 
    14                           ; Copyright © 2020, Microchip Technology Inc. and its subsidiaries ("Microchip")
    15                           ; All rights reserved.
    16                           ; 
    17                           ; This software is developed by Microchip Technology Inc. and its subsidiaries ("Microch
      +                          ip").
    18                           ; 
    19                           ; Redistribution and use in source and binary forms, with or without modification, are
    20                           ; permitted provided that the following conditions are met:
    21                           ; 
    22                           ;     1. Redistributions of source code must retain the above copyright notice, this lis
      +                          t of
    23                           ;        conditions and the following disclaimer.
    24                           ; 
    25                           ;     2. Redistributions in binary form must reproduce the above copyright notice, this 
      +                          list
    26                           ;        of conditions and the following disclaimer in the documentation and/or other
    27                           ;        materials provided with the distribution.
    28                           ; 
    29                           ;     3. Microchip's name may not be used to endorse or promote products derived from th
      +                          is
    30                           ;        software without specific prior written permission.
    31                           ; 
    32                           ; THIS SOFTWARE IS PROVIDED BY MICROCHIP "AS IS" AND ANY EXPRESS OR IMPLIED WARRANTIES,
    33                           ; INCLUDING, BUT NOT LIMITED TO, THE IMPLIED WARRANTIES OF MERCHANTABILITY AND FITNESS F
      +                          OR
    34                           ; PURPOSE ARE DISCLAIMED.  IN NO EVENT SHALL MICROCHIP BE LIABLE FOR ANY DIRECT, INDIREC
      +                          T,
    35                           ; INCIDENTAL, SPECIAL, EXEMPLARY, OR CONSEQUENTIAL DAMAGES (INCLUDING BUT NOT LIMITED TO
    36                           ; PROCUREMENT OF SUBSTITUTE GOODS OR SERVICES; LOSS OF USE, DATA OR PROFITS; OR BUSINESS
    37                           ; INTERRUPTION) HOWSOEVER CAUSED AND ON ANY THEORY OF LIABILITY, WHETHER IN CONTRACT, ST
      +                          RICT
    38                           ; LIABILITY, OR TORT (INCLUDING NEGLIGENCE OR OTHERWISE) ARISING IN ANY WAY OUT OF THE U
      +                          SE OF
    39                           ; THIS SOFTWARE, EVEN IF ADVISED OF THE POSSIBILITY OF SUCH DAMAGE.
    40                           ; 
    41                           ; 
    42                           ; Code-generator required, PIC10F322 Definitions
    43                           ; 
    44                           ; SFR Addresses
    45  0000                     	;# 
    46  0001                     	;# 
    47  0002                     	;# 
    48  0003                     	;# 
    49  0004                     	;# 
    50  0005                     	;# 
    51  0006                     	;# 
    52  0007                     	;# 
    53  0008                     	;# 
    54  0009                     	;# 
    55  000A                     	;# 
    56  000B                     	;# 
    57  000C                     	;# 
    58  000D                     	;# 
    59  000E                     	;# 
    60  000F                     	;# 
    61  0010                     	;# 
    62  0011                     	;# 
    63  0012                     	;# 
    64  0013                     	;# 
    65  0014                     	;# 
    66  0015                     	;# 
    67  0016                     	;# 
    68  0016                     	;# 
    69  0017                     	;# 
    70  0018                     	;# 
    71  0019                     	;# 
    72  0019                     	;# 
    73  001A                     	;# 
    74  001B                     	;# 
    75  001C                     	;# 
    76  001D                     	;# 
    77  001E                     	;# 
    78  001F                     	;# 
    79  0020                     	;# 
    80  0020                     	;# 
    81  0021                     	;# 
    82  0022                     	;# 
    83  0022                     	;# 
    84  0023                     	;# 
    85  0024                     	;# 
    86  0025                     	;# 
    87  0026                     	;# 
    88  0027                     	;# 
    89  0027                     	;# 
    90  0028                     	;# 
    91  0029                     	;# 
    92  002A                     	;# 
    93  002A                     	;# 
    94  002B                     	;# 
    95  002C                     	;# 
    96  002D                     	;# 
    97  002E                     	;# 
    98  0030                     	;# 
    99  0031                     	;# 
   100  0032                     	;# 
   101  0033                     	;# 
   102  0034                     	;# 
   103  0035                     	;# 
   104  0036                     	;# 
   105  0037                     	;# 
   106  0038                     	;# 
   107  0039                     	;# 
   108  003A                     	;# 
   109  003B                     	;# 
   110  003C                     	;# 
   111  003D                     	;# 
   112  003E                     	;# 
   113  003F                     	;# 
   114  002A                     _NCO1INC	set	42
   115  0001                     _TMR0	set	1
   116  0031                     _CLC1CON	set	49
   117  0034                     _CLC1POL	set	52
   118  0033                     _CLC1SEL1	set	51
   119  0032                     _CLC1SEL0	set	50
   120  0038                     _CLC1GLS3	set	56
   121  0037                     _CLC1GLS2	set	55
   122  0036                     _CLC1GLS1	set	54
   123  0035                     _CLC1GLS0	set	53
   124  002D                     _NCO1CON	set	45
   125  002E                     _NCO1CLK	set	46
   126  0014                     _PWM1DCL	set	20
   127  0015                     _PWM1DCH	set	21
   128  0012                     _PR2	set	18
   129  0013                     _T2CON	set	19
   130  0016                     _PWM1CON	set	22
   131  0009                     _WPUA	set	9
   132  0005                     _PORTA	set	5
   133  0007                     _LATA	set	7
   134  0006                     _TRISA	set	6
   135  000E                     _OPTION_REG	set	14
   136  0008                     _ANSELA	set	8
   137  0010                     _OSCCON	set	16
   138                           
   139                           	psect	cinit
   140  01FB                     start_initialization:	
   141                           ; #config settings
   142                           
   143  01FB                     __initialization:
   144                           
   145                           ; Clear objects allocated to BANK0
   146  01FB  01C0               	clrf	__pbssBANK0& (0+127)
   147  01FC  01C1               	clrf	(__pbssBANK0+1)& (0+127)
   148  01FD  01C2               	clrf	(__pbssBANK0+2)& (0+127)
   149  01FE                     end_of_initialization:	
   150                           ;End of C runtime variable initialization code
   151                           
   152  01FE                     __end_of__initialization:
   153  01FE  0183               	clrf	3
   154  01FF  2992               	ljmp	_main	;jump to C main() function
   155                           
   156                           	psect	bssBANK0
   157  0040                     __pbssBANK0:
   158  0040                     _temp:
   159  0040                     	ds	2
   160  0042                     _ms_dly:
   161  0042                     	ds	1
   162                           
   163                           	psect	cstackBANK0
   164  0043                     __pcstackBANK0:
   165  0043                     ?_main:
   166  0043                     ??_main:	
   167                           ; 1 bytes @ 0x0
   168                           
   169                           
   170                           ; 1 bytes @ 0x0
   171  0043                     	ds	2
   172                           
   173                           	psect	maintext
   174  0192                     __pmaintext:	
   175 ;;
   176 ;;Main: autosize = 0, tempsize = 2, incstack = 0, save=0
   177 ;;
   178 ;; *************** function _main *****************
   179 ;; Defined at:
   180 ;;		line 31 in file "jacasseux.c"
   181 ;; Parameters:    Size  Location     Type
   182 ;;		None
   183 ;; Auto vars:     Size  Location     Type
   184 ;;		None
   185 ;; Return value:  Size  Location     Type
   186 ;;                  1    wreg      void 
   187 ;; Registers used:
   188 ;;		wreg, status,2, status,0, btemp+1
   189 ;; Tracked objects:
   190 ;;		On entry : B00/0
   191 ;;		On exit  : 0/0
   192 ;;		Unchanged: 0/0
   193 ;; Data sizes:     COMMON   BANK0
   194 ;;      Params:         0       0
   195 ;;      Locals:         0       0
   196 ;;      Temps:          0       2
   197 ;;      Totals:         0       2
   198 ;;Total ram usage:        2 bytes
   199 ;; This function calls:
   200 ;;		Nothing
   201 ;; This function is called by:
   202 ;;		Startup code after reset
   203 ;; This function uses a non-reentrant model
   204 ;;
   205                           
   206                           
   207                           ;psect for function _main
   208  0192                     _main:
   209  0192                     l630:	
   210                           ;incstack = 0
   211                           ; Regs used in _main: [wreg+status,2+status,0+btemp+1]
   212                           
   213                           
   214                           ;jacasseux.c: 33:     OSCCON|=(7<<4);
   215  0192  3070               	movlw	112
   216  0193  00FF               	movwf	btemp+1
   217  0194  087F               	movf	btemp+1,w
   218  0195  0490               	iorwf	16,f	;volatile
   219  0196                     l632:
   220                           
   221                           ;jacasseux.c: 34:     ANSELA=0;
   222  0196  0188               	clrf	8	;volatile
   223  0197                     l634:
   224                           
   225                           ;jacasseux.c: 35:     OPTION_REG=1;
   226  0197  3001               	movlw	1
   227  0198  008E               	movwf	14	;volatile
   228  0199                     l636:
   229                           
   230                           ;jacasseux.c: 36:     TRISA&=~((1<<1)|(1<<2));
   231  0199  30F9               	movlw	249
   232  019A  00FF               	movwf	btemp+1
   233  019B  087F               	movf	btemp+1,w
   234  019C  0586               	andwf	6,f	;volatile
   235  019D                     l638:
   236                           
   237                           ;jacasseux.c: 37:     LATA&=~((1<<1)|(1<<2));
   238  019D  30F9               	movlw	249
   239  019E  00FF               	movwf	btemp+1
   240  019F  087F               	movf	btemp+1,w
   241  01A0  0587               	andwf	7,f	;volatile
   242  01A1                     l640:
   243                           
   244                           ;jacasseux.c: 38:     PORTA&=~((1<<2));
   245  01A1  30FB               	movlw	251
   246  01A2  00FF               	movwf	btemp+1
   247  01A3  087F               	movf	btemp+1,w
   248  01A4  0585               	andwf	5,f	;volatile
   249  01A5                     l642:
   250                           
   251                           ;jacasseux.c: 39:     WPUA|=(1<<2);
   252  01A5  1509               	bsf	9,2	;volatile
   253  01A6                     l644:
   254                           
   255                           ;jacasseux.c: 41:     PWM1CON=(1<<7);
   256  01A6  3080               	movlw	128
   257  01A7  0096               	movwf	22	;volatile
   258  01A8                     l646:
   259                           
   260                           ;jacasseux.c: 42:     T2CON&=0xFC;
   261  01A8  30FC               	movlw	252
   262  01A9  00FF               	movwf	btemp+1
   263  01AA  087F               	movf	btemp+1,w
   264  01AB  0593               	andwf	19,f	;volatile
   265  01AC                     l648:
   266                           
   267                           ;jacasseux.c: 43:     PR2=31;
   268  01AC  301F               	movlw	31
   269  01AD  0092               	movwf	18	;volatile
   270  01AE                     l650:
   271                           
   272                           ;jacasseux.c: 44:     PWM1DCH=16;
   273  01AE  3010               	movlw	16
   274  01AF  0095               	movwf	21	;volatile
   275  01B0                     l652:
   276                           
   277                           ;jacasseux.c: 45:     PWM1DCL=0;
   278  01B0  0194               	clrf	20	;volatile
   279  01B1                     l654:
   280                           
   281                           ;jacasseux.c: 46:     T2CON|=(1<<2);
   282  01B1  1513               	bsf	19,2	;volatile
   283  01B2                     l656:
   284                           
   285                           ;jacasseux.c: 48:     NCO1CLK=2;
   286  01B2  3002               	movlw	2
   287  01B3  00AE               	movwf	46	;volatile
   288  01B4                     l658:
   289                           
   290                           ;jacasseux.c: 49:     NCO1CON=0x80;
   291  01B4  3080               	movlw	128
   292  01B5  00AD               	movwf	45	;volatile
   293  01B6                     l660:
   294                           
   295                           ;jacasseux.c: 51:     CLC1GLS0=2;
   296  01B6  3002               	movlw	2
   297  01B7  00B5               	movwf	53	;volatile
   298  01B8                     l662:
   299                           
   300                           ;jacasseux.c: 52:     CLC1GLS1=0;
   301  01B8  01B6               	clrf	54	;volatile
   302  01B9                     l664:
   303                           
   304                           ;jacasseux.c: 53:     CLC1GLS2=0x20;
   305  01B9  3020               	movlw	32
   306  01BA  00B7               	movwf	55	;volatile
   307  01BB                     l666:
   308                           
   309                           ;jacasseux.c: 54:     CLC1GLS3=0;
   310  01BB  01B8               	clrf	56	;volatile
   311  01BC                     l668:
   312                           
   313                           ;jacasseux.c: 55:     CLC1SEL0=3;
   314  01BC  3003               	movlw	3
   315  01BD  00B2               	movwf	50	;volatile
   316  01BE                     l670:
   317                           
   318                           ;jacasseux.c: 56:     CLC1SEL1=5;
   319  01BE  3005               	movlw	5
   320  01BF  00B3               	movwf	51	;volatile
   321  01C0                     l672:
   322                           
   323                           ;jacasseux.c: 57:     CLC1POL=0;
   324  01C0  01B4               	clrf	52	;volatile
   325  01C1                     l674:
   326                           
   327                           ;jacasseux.c: 58:     CLC1CON=0xC1;
   328  01C1  30C1               	movlw	193
   329  01C2  00B1               	movwf	49	;volatile
   330  01C3                     l676:
   331                           
   332                           ;jacasseux.c: 60:         TMR0=0;
   333  01C3  0181               	clrf	1	;volatile
   334  01C4                     l678:
   335                           
   336                           ;jacasseux.c: 61:         TRISA|=(1<<2);
   337  01C4  1506               	bsf	6,2	;volatile
   338  01C5  1D05               	btfss	5,2	;# 
   339  01C6  2991               	goto	($+-1)	;# 
   340  01C7                     l680:
   341                           
   342                           ;jacasseux.c: 64:         TRISA&=~(1<<2);
   343  01C7  30FB               	movlw	251
   344  01C8  00FF               	movwf	btemp+1
   345  01C9  087F               	movf	btemp+1,w
   346  01CA  0586               	andwf	6,f	;volatile
   347  01CB                     l682:
   348                           
   349                           ;jacasseux.c: 65:         LATA&=~(1<<2);
   350  01CB  30FB               	movlw	251
   351  01CC  00FF               	movwf	btemp+1
   352  01CD  087F               	movf	btemp+1,w
   353  01CE  0587               	andwf	7,f	;volatile
   354  01CF                     l684:
   355                           
   356                           ;jacasseux.c: 66:         if ((temp=TMR0<<2)){
   357  01CF  0801               	movf	1,w	;volatile
   358  01D0  00C3               	movwf	??_main
   359  01D1  01C4               	clrf	??_main+1
   360  01D2  1003               	clrc
   361  01D3  0DC3               	rlf	??_main,f
   362  01D4  0DC4               	rlf	??_main+1,f
   363  01D5  1003               	clrc
   364  01D6  0DC3               	rlf	??_main,f
   365  01D7  0DC4               	rlf	??_main+1,f
   366  01D8  0843               	movf	??_main,w
   367  01D9  00C0               	movwf	_temp
   368  01DA  0844               	movf	??_main+1,w
   369  01DB  00C1               	movwf	_temp+1
   370  01DC  0840               	movf	_temp,w
   371  01DD  0441               	iorwf	_temp+1,w
   372  01DE  1903               	btfsc	3,2
   373  01DF  29E1               	goto	u21
   374  01E0  29E2               	goto	u20
   375  01E1                     u21:
   376  01E1  29EE               	goto	l58
   377  01E2                     u20:
   378  01E2                     l686:
   379                           
   380                           ;jacasseux.c: 67:             temp+=(16384);
   381  01E2  3000               	movlw	0
   382  01E3  07C0               	addwf	_temp,f
   383  01E4  1803               	skipnc
   384  01E5  0AC1               	incf	_temp+1,f
   385  01E6  3040               	movlw	64
   386  01E7  07C1               	addwf	_temp+1,f
   387                           
   388                           ;jacasseux.c: 68:             NCO1INC=temp;
   389  01E8  0840               	movf	_temp,w
   390  01E9  00AA               	movwf	42	;volatile
   391  01EA  0841               	movf	_temp+1,w
   392  01EB  00AB               	movwf	43	;volatile
   393  01EC  01AC               	clrf	44	;volatile
   394                           
   395                           ;jacasseux.c: 69:         }else{
   396  01ED  29F1               	goto	l59
   397  01EE                     l58:
   398  01EE  01AA               	clrf	42	;# 
   399  01EF  3040               	movlw	64	;# 
   400  01F0  00AB               	movwf	43	;# 
   401  01F1                     l59:	
   402                           ;jacasseux.c: 73:         }
   403                           
   404  01F1  3064               	movlw	100	;# 
   405  01F2  00C2               	movwf	_ms_dly	;# 
   406  01F3                     delay:
   407                           
   408                           ;# 
   409  01F3  0181               	clrf	1	;# 
   410  01F4  110B               	bcf	11,2	;# 
   411  01F5  1D0B               	btfss	11,2	;# 
   412  01F6  2991               	goto	($+-1)	;# 
   413  01F7  0BC2               	decfsz	_ms_dly,f	;# 
   414  01F8  29F3               	goto	delay	;# 
   415  01F9  29C3               	goto	l676
   416  01FA  2800               	ljmp	start
   417  01FB                     __end_of_main:
   418  007E                     btemp	set	126	;btemp
   419  007E                     wtemp0	set	126
   420                           
   421                           	psect	config
   422                           
   423                           ;Config register CONFIG @ 0x2007
   424                           ;	Oscillator Selection bits
   425                           ;	FOSC = INTOSC, INTOSC oscillator: CLKIN function disabled
   426                           ;	Brown-out Reset Enable
   427                           ;	BOREN = OFF, Brown-out Reset disabled
   428                           ;	Watchdog Timer Enable
   429                           ;	WDTE = OFF, WDT disabled
   430                           ;	Power-up Timer Enable bit
   431                           ;	PWRTE = OFF, PWRT disabled
   432                           ;	MCLR Pin Function Select bit
   433                           ;	MCLRE = ON, MCLR pin function is MCLR
   434                           ;	Code Protection bit
   435                           ;	CP = OFF, Program memory code protection is disabled
   436                           ;	Low-Voltage Programming Enable
   437                           ;	LVP = OFF, High-voltage on MCLR/VPP must be used for programming
   438                           ;	Brown-out Reset Selection bits
   439                           ;	LPBOR = ON, BOR enabled
   440                           ;	Brown-out Reset Voltage Selection
   441                           ;	BORV = LO, Brown-out Reset Voltage (Vbor), low trip point selected.
   442                           ;	Flash Memory Self-Write Protection
   443                           ;	WRT = OFF, Write protection off
   444  2007                     	org	8199
   445  2007  3EE0               	dw	16096

Data Sizes:
    Strings     0
    Constant    0
    Data        0
    BSS         3
    Persistent  0
    Stack       0

Auto Spaces:
    Space          Size  Autos    Used
    COMMON            0      0       0
    BANK0            62      2       5

Pointer List with Targets:

    None.

Critical Paths under _main in COMMON

    None.

Critical Paths under _main in BANK0

    None.

Call Graph Tables:

 ---------------------------------------------------------------------------------
 (Depth) Function   	        Calls       Base Space   Used Autos Params    Refs
 ---------------------------------------------------------------------------------
 (0) _main                                                 2     2      0       0
                                              0 BANK0      2     2      0
 ---------------------------------------------------------------------------------
 Estimated maximum stack depth 0
 ---------------------------------------------------------------------------------

 Call Graph Graphs:

 _main (ROOT)

 Address spaces:
Name               Size   Autos  Total    Cost      Usage
BITCOMMON            0      0       0       0        0.0%
NULL                 0      0       0       0        0.0%
CODE                 0      0       0       0        0.0%
BITSFR0              0      0       0       1        0.0%
SFR0                 0      0       0       1        0.0%
COMMON               0      0       0       1        0.0%
STACK                0      0       0       2        0.0%
BANK0               3E      2       5       3        8.1%
ABS                  0      0       5       4        0.0%
DATA                 0      0       5       5        0.0%
BITBANK0            3E      0       0       6        0.0%


Microchip Technology PIC Macro Assembler V2.20 build 20200408173844 
Symbol Table                                                                                   Wed Oct 21 09:48:02 2020

                     l58 01EE                       l59 01F1                       u20 01E2  
                     u21 01E1                      TMR0 0001                      l630 0192  
                    l640 01A1                      l632 0196                      l650 01AE  
                    l642 01A5                      l634 0197                      l660 01B6  
                    l652 01B0                      l644 01A6                      l636 0199  
                    l670 01BE                      l662 01B8                      l654 01B1  
                    l646 01A8                      l638 019D                      l680 01C7  
                    l672 01C0                      l664 01B9                      l656 01B2  
                    l648 01AC                      l682 01CB                      l674 01C1  
                    l666 01BB                      l658 01B4                      l684 01CF  
                    l676 01C3                      l668 01BC                      l686 01E2  
                    l678 01C4                      _PR2 0012                     PORTA 0005  
                   _LATA 0007                     _TMR0 0001                     _WPUA 0009  
                   _main 0192                     delay 01F3                     _temp 0040  
                   btemp 007E                     start 0000                    INTCON 000B  
                  ?_main 0043                    _T2CON 0013                    _PORTA 0005  
                  _TRISA 0006                    status 0003                    wtemp0 007E  
        __initialization 01FB             __end_of_main 01FB                   ??_main 0043  
                 _ANSELA 0008                   _OSCCON 0010                   _ms_dly 0042  
__end_of__initialization 01FE                  NCO1INCH 002B                  NCO1INCL 002A  
             __pbssBANK0 0040               __pmaintext 0192                  _CLC1CON 0031  
                _CLC1POL 0034                  _NCO1CLK 002E                  _NCO1CON 002D  
                _NCO1INC 002A                  _PWM1DCH 0015                  _PWM1DCL 0014  
                _PWM1CON 0016     end_of_initialization 01FE      start_initialization 01FB  
              ___latbits 0000            __pcstackBANK0 0043                 _CLC1GLS0 0035  
               _CLC1GLS1 0036                 _CLC1GLS2 0037                 _CLC1GLS3 0038  
               _CLC1SEL0 0032                 _CLC1SEL1 0033            __size_of_main 0069  
             _OPTION_REG 000E  
